<?xml version="1.0" encoding="UTF-8"?>
<!-- Generated by org.testng.reporters.JUnitReportReporter -->
<testsuite skipped="0" hostname="ip-172-31-23-119" name="testcases.SaucedemoLoginTest" tests="4" failures="0" timestamp="2022-04-07T07:18:32 UTC" time="4.172" errors="1">
  <testcase name="LoginFailiureTest" time="1.262" classname="testcases.SaucedemoLoginTest"/>
  <system-out/>
  <testcase name="ExternalDataTest" time="1.612" classname="testcases.SaucedemoLoginTest"/>
  <system-out/>
  <testcase name="LoginSuccessTest" time="1.298" classname="testcases.SaucedemoLoginTest"/>
  <system-out/>
  <testcase name="ParameterizedTest" time="0.000" classname="testcases.SaucedemoLoginTest">
    <error type="org.testng.TestNGException" message="
Parameter &#039;Param1&#039; is required by @Test on method ParameterizedTest but has not been marked @Optional or defined
in /tmp/testng-eclipse-168060637/testng-customsuite.xml">
      <![CDATA[org.testng.TestNGException: 
Parameter 'Param1' is required by @Test on method ParameterizedTest but has not been marked @Optional or defined
in /tmp/testng-eclipse-168060637/testng-customsuite.xml
at org.testng.internal.Parameters.createParams(Parameters.java:267)
at org.testng.internal.Parameters.createParametersForMethod(Parameters.java:355)
at org.testng.internal.Parameters.createParameters(Parameters.java:660)
at org.testng.internal.Parameters.handleParameters(Parameters.java:856)
at org.testng.internal.Parameters.handleParameters(Parameters.java:704)
at org.testng.internal.invokers.ParameterHandler.handleParameters(ParameterHandler.java:70)
at org.testng.internal.invokers.ParameterHandler.createParameters(ParameterHandler.java:49)
at org.testng.internal.invokers.TestInvoker$MethodInvocationAgent.invoke(TestInvoker.java:904)
at org.testng.internal.invokers.TestInvoker.invokeTestMethods(TestInvoker.java:193)
at org.testng.internal.invokers.TestMethodWorker.invokeTestMethods(TestMethodWorker.java:146)
at org.testng.internal.invokers.TestMethodWorker.run(TestMethodWorker.java:128)
at java.util.ArrayList.forEach(ArrayList.java:1259)
at org.testng.TestRunner.privateRun(TestRunner.java:808)
at org.testng.TestRunner.run(TestRunner.java:603)
at org.testng.SuiteRunner.runTest(SuiteRunner.java:429)
at org.testng.SuiteRunner.runSequentially(SuiteRunner.java:423)
at org.testng.SuiteRunner.privateRun(SuiteRunner.java:383)
at org.testng.SuiteRunner.run(SuiteRunner.java:326)
at org.testng.SuiteRunnerWorker.runSuite(SuiteRunnerWorker.java:52)
at org.testng.SuiteRunnerWorker.run(SuiteRunnerWorker.java:95)
at org.testng.TestNG.runSuitesSequentially(TestNG.java:1249)
at org.testng.TestNG.runSuitesLocally(TestNG.java:1169)
at org.testng.TestNG.runSuites(TestNG.java:1092)
at org.testng.TestNG.run(TestNG.java:1060)
at org.testng.remote.AbstractRemoteTestNG.run(AbstractRemoteTestNG.java:115)
at org.testng.remote.RemoteTestNG.initAndRun(RemoteTestNG.java:251)
at org.testng.remote.RemoteTestNG.main(RemoteTestNG.java:77)
]]>
    </error>
  </testcase> <!-- ParameterizedTest -->
  <system-out/>
</testsuite> <!-- testcases.SaucedemoLoginTest -->
